<?xml version="1.0" encoding="UTF-8"?>
<testsuite xmlns:xsi="http://www.w3.org/2001/XMLSchema-instance" xsi:noNamespaceSchemaLocation="https://maven.apache.org/surefire/maven-surefire-plugin/xsd/surefire-test-report.xsd" name="io.github.timliiang.AppTest" time="0.037" tests="1" errors="0" skipped="0" failures="0">
  <properties>
    <property name="java.specification.version" value="24"/>
    <property name="sun.cpu.isalist" value="amd64"/>
    <property name="sun.jnu.encoding" value="Cp1252"/>
    <property name="java.class.path" value="E:\VSC repos\3D Java Renderer\demo\target\test-classes;E:\VSC repos\3D Java Renderer\demo\target\classes;C:\Users\Timmy\.m2\repository\junit\junit\4.11\junit-4.11.jar;C:\Users\Timmy\.m2\repository\org\hamcrest\hamcrest-core\1.3\hamcrest-core-1.3.jar;C:\Users\Timmy\.m2\repository\org\openjfx\javafx-controls\24.0.1\javafx-controls-24.0.1.jar;C:\Users\Timmy\.m2\repository\org\openjfx\javafx-controls\24.0.1\javafx-controls-24.0.1-win.jar;C:\Users\Timmy\.m2\repository\org\openjfx\javafx-graphics\24.0.1\javafx-graphics-24.0.1.jar;C:\Users\Timmy\.m2\repository\org\openjfx\javafx-graphics\24.0.1\javafx-graphics-24.0.1-win.jar;C:\Users\Timmy\.m2\repository\org\openjfx\javafx-base\24.0.1\javafx-base-24.0.1.jar;C:\Users\Timmy\.m2\repository\org\openjfx\javafx-base\24.0.1\javafx-base-24.0.1-win.jar;"/>
    <property name="java.vm.vendor" value="Oracle Corporation"/>
    <property name="sun.arch.data.model" value="64"/>
    <property name="user.variant" value=""/>
    <property name="java.vendor.url" value="https://java.oracle.com/"/>
    <property name="user.timezone" value="America/New_York"/>
    <property name="os.name" value="Windows 11"/>
    <property name="java.vm.specification.version" value="24"/>
    <property name="sun.java.launcher" value="SUN_STANDARD"/>
    <property name="user.country" value="CA"/>
    <property name="sun.boot.library.path" value="C:\Program Files\Java\jdk-24\bin"/>
    <property name="sun.java.command" value="C:\Users\Timmy\AppData\Local\Temp\surefire17085223208385144063\surefirebooter8115817758614432420.jar C:\Users\Timmy\AppData\Local\Temp\surefire17085223208385144063 2025-07-05T02-13-19_584-jvmRun1 surefire11988116010486152667tmp surefire_05094980560279993775tmp"/>
    <property name="jdk.debug" value="release"/>
    <property name="surefire.test.class.path" value="E:\VSC repos\3D Java Renderer\demo\target\test-classes;E:\VSC repos\3D Java Renderer\demo\target\classes;C:\Users\Timmy\.m2\repository\junit\junit\4.11\junit-4.11.jar;C:\Users\Timmy\.m2\repository\org\hamcrest\hamcrest-core\1.3\hamcrest-core-1.3.jar;C:\Users\Timmy\.m2\repository\org\openjfx\javafx-controls\24.0.1\javafx-controls-24.0.1.jar;C:\Users\Timmy\.m2\repository\org\openjfx\javafx-controls\24.0.1\javafx-controls-24.0.1-win.jar;C:\Users\Timmy\.m2\repository\org\openjfx\javafx-graphics\24.0.1\javafx-graphics-24.0.1.jar;C:\Users\Timmy\.m2\repository\org\openjfx\javafx-graphics\24.0.1\javafx-graphics-24.0.1-win.jar;C:\Users\Timmy\.m2\repository\org\openjfx\javafx-base\24.0.1\javafx-base-24.0.1.jar;C:\Users\Timmy\.m2\repository\org\openjfx\javafx-base\24.0.1\javafx-base-24.0.1-win.jar;"/>
    <property name="sun.cpu.endian" value="little"/>
    <property name="user.home" value="C:\Users\Timmy"/>
    <property name="user.language" value="en"/>
    <property name="java.specification.vendor" value="Oracle Corporation"/>
    <property name="java.version.date" value="2025-04-15"/>
    <property name="java.home" value="C:\Program Files\Java\jdk-24"/>
    <property name="file.separator" value="\"/>
    <property name="basedir" value="E:\VSC repos\3D Java Renderer\demo"/>
    <property name="java.vm.compressedOopsMode" value="Zero based"/>
    <property name="line.separator" value="&#10;"/>
    <property name="java.vm.specification.vendor" value="Oracle Corporation"/>
    <property name="java.specification.name" value="Java Platform API Specification"/>
    <property name="surefire.real.class.path" value="C:\Users\Timmy\AppData\Local\Temp\surefire17085223208385144063\surefirebooter8115817758614432420.jar"/>
    <property name="user.script" value=""/>
    <property name="sun.management.compiler" value="HotSpot 64-Bit Tiered Compilers"/>
    <property name="java.runtime.version" value="24.0.1+9-30"/>
    <property name="user.name" value="Timmy"/>
    <property name="stdout.encoding" value="Cp1252"/>
    <property name="path.separator" value=";"/>
    <property name="os.version" value="10.0"/>
    <property name="java.runtime.name" value="Java(TM) SE Runtime Environment"/>
    <property name="file.encoding" value="UTF-8"/>
    <property name="java.vm.name" value="Java HotSpot(TM) 64-Bit Server VM"/>
    <property name="localRepository" value="C:\Users\Timmy\.m2\repository"/>
    <property name="java.vendor.url.bug" value="https://bugreport.java.com/bugreport/"/>
    <property name="java.io.tmpdir" value="C:\Users\Timmy\AppData\Local\Temp\"/>
    <property name="java.version" value="24.0.1"/>
    <property name="user.dir" value="E:\VSC repos\3D Java Renderer\demo"/>
    <property name="os.arch" value="amd64"/>
    <property name="java.vm.specification.name" value="Java Virtual Machine Specification"/>
    <property name="sun.os.patch.level" value=""/>
    <property name="native.encoding" value="Cp1252"/>
    <property name="java.library.path" value="C:\Program Files\Java\jdk-24\bin;C:\WINDOWS\Sun\Java\bin;C:\WINDOWS\system32;C:\WINDOWS;C:\Users\Timmy\bin;C:\Program Files\Git\mingw64\bin;C:\Program Files\Git\usr\local\bin;C:\Program Files\Git\usr\bin;C:\Program Files\Git\usr\bin;C:\Program Files\Git\mingw64\bin;C:\Program Files\Git\usr\bin;C:\Users\Timmy\bin;C:\Program Files\Common Files\Oracle\Java\javapath;C:\Program Files (x86)\Common Files\Oracle\Java\java8path;C:\Program Files (x86)\Common Files\Oracle\Java\javapath;C:\Program Files (x86)\Razer Chroma SDK\bin;C:\Program Files\Razer Chroma SDK\bin;C:\Program Files (x86)\Razer\ChromaBroadcast\bin;C:\Program Files\Razer\ChromaBroadcast\bin;C:\Program Files (x86)\Common Files\Intel\Shared Libraries\redist\intel64\compiler;C:\WINDOWS\system32;C:\WINDOWS;C:\WINDOWS\System32\Wbem;C:\WINDOWS\System32\WindowsPowerShell\v1.0;C:\WINDOWS\System32\OpenSSH;C:\Program Files\dotnet;C:\Program Files (x86)\NVIDIA Corporation\PhysX\Common;C:\WINDOWS\system32\config\systemprofile\AppData\Local\Microsoft\WindowsApps;C:\Program Files (x86)\Brackets\command;C:\WINDOWS\system32;C:\WINDOWS;C:\WINDOWS\System32\Wbem;C:\WINDOWS\System32\WindowsPowerShell\v1.0;C:\WINDOWS\System32\OpenSSH;C:\ProgramData\chocolatey\bin;C:\Program Files\NVIDIA Corporation\NVIDIA NvDLISR;C:\Program Files\Git\cmd;C:\Program Files (x86)\Java\apache-maven-3.9.9\bin;C:\Program Files\MySQL\MySQL Server 8.0\bin;D:\Program Files\nodejs;C:\Users\Timmy\AppData\Local\Muse Hub\lib;D:\Program Files\JDK 8\bin;D:\Program Files\Python\Scripts;D:\Program Files\Python;C:\Users\Timmy\AppData\Local\Microsoft\WindowsApps;C:\Users\Timmy\spicetify-cli;C:\Users\Timmy\AppData\Local\Microsoft\WindowsApps;C:\Users\Timmy\.dotnet\tools;D:\Microsoft VS Code\bin;C:\Users\Timmy\AppData\Local\GitHubDesktop\bin;C:\Users\Timmy\AppData\Roaming\npm;C:\Users\Timmy\AppData\Roaming\Code\User\globalStorage\github.copilot-chat\debugCommand;C:\Program Files\Git\usr\bin\vendor_perl;C:\Program Files\Git\usr\bin\core_perl;."/>
    <property name="java.vm.info" value="mixed mode, sharing"/>
    <property name="stderr.encoding" value="Cp1252"/>
    <property name="java.vendor" value="Oracle Corporation"/>
    <property name="java.vm.version" value="24.0.1+9-30"/>
    <property name="sun.io.unicode.encoding" value="UnicodeLittle"/>
    <property name="java.class.version" value="68.0"/>
  </properties>
  <testcase name="shouldAnswerWithTrue" classname="io.github.timliiang.AppTest" time="0.004"/>
</testsuite>